Drill report for CawBMS.kicad_pcb
Created on 2024-07-11T14:27:06+0800

Copper Layer Stackup:
    =============================================================
    L1 :  F.Cu                      front
    L2 :  In1.Cu                    in1
    L3 :  In2.Cu                    in2
    L4 :  B.Cu                      back


Drill file 'CawBMS-PTH.drl' contains
    plated through holes:
    =============================================================
    T1  0.305mm  0.0120"  (125 holes)
    T2  0.400mm  0.0157"  (32 holes)
    T3  0.508mm  0.0200"  (36 holes)
    T4  2.200mm  0.0866"  (4 holes)
    T5  2.500mm  0.0984"  (4 holes)

    Total plated holes count 201


Drill file 'CawBMS-NPTH.drl' contains
    unplated through holes:
    =============================================================

    Total unplated holes count 0
